2025-11-05 12:27:47,612 - logger_config - CRITICAL - 29 - Error fetching exchange rate: 401 Client Error: Unauthorized for url: http://api.exchangeratesapi.io/v1/latest?access_key=None&symbols=USD,EUR
2025-11-05 12:28:35,312 - logger_config - CRITICAL - 29 - Error fetching exchange rate: 401 Client Error: Unauthorized for url: http://api.exchangeratesapi.io/v1/latest?access_key=None&symbols=USD,EUR
2025-11-05 15:32:32,896 - logger_config - INFO - 15 - Starting conversion: 200.0 GBP to USD (mock=True)
2025-11-05 15:32:32,896 - logger_config - INFO - 18 - Converted 200.0 at rate 1.302720143035256 = 260.54
2025-11-05 15:32:32,911 - logger_config - INFO - 20 - Conversion successful: 200.0 GBP = 260.5400 USD
2025-11-05 15:50:20,618 - logger_config - INFO - 15 - Starting conversion: 100.0 USD to EUR (mock=True)
2025-11-05 15:50:20,618 - logger_config - INFO - 18 - Converted 100.0 at rate 0.8708548398193151 = 87.09
2025-11-05 15:50:20,618 - logger_config - INFO - 20 - Conversion successful: 100.0 USD = 87.0900 EUR
2025-11-05 15:50:20,622 - logger_config - INFO - 15 - Starting conversion: 100.0 USD to EUR (mock=True)
2025-11-05 15:50:20,623 - logger_config - INFO - 18 - Converted 100.0 at rate 0.8708548398193151 = 87.09
2025-11-05 15:50:20,623 - logger_config - INFO - 20 - Conversion successful: 100.0 USD = 87.0900 EUR
2025-11-05 15:50:20,623 - logger_config - INFO - 15 - Starting conversion: 5.0 USD to JPY (mock=True)
2025-11-05 15:50:20,624 - logger_config - INFO - 18 - Converted 5.0 at rate 137.5280088687857 = 687.64
2025-11-05 15:50:20,624 - logger_config - INFO - 20 - Conversion successful: 5.0 USD = 687.6400 JPY
2025-11-05 15:50:20,624 - logger_config - INFO - 15 - Starting conversion: 120.0 USD to GBP (mock=True)
2025-11-05 15:50:20,624 - logger_config - INFO - 18 - Converted 120.0 at rate 0.7676245779619734 = 92.11
2025-11-05 15:50:20,624 - logger_config - INFO - 20 - Conversion successful: 120.0 USD = 92.1100 GBP
2025-11-05 15:50:20,625 - logger_config - INFO - 15 - Starting conversion: 340.0 EUR to JPY (mock=True)
2025-11-05 15:50:20,625 - logger_config - INFO - 18 - Converted 340.0 at rate 157.923 = 53693.82
2025-11-05 15:50:20,625 - logger_config - INFO - 20 - Conversion successful: 340.0 EUR = 53693.8200 JPY
2025-11-05 15:50:20,626 - logger_config - INFO - 15 - Starting conversion: 20.0 EUR to GBP (mock=True)
2025-11-05 15:50:20,626 - logger_config - INFO - 18 - Converted 20.0 at rate 0.881461 = 17.63
2025-11-05 15:50:20,626 - logger_config - INFO - 20 - Conversion successful: 20.0 EUR = 17.6300 GBP
2025-11-05 15:50:20,627 - logger_config - INFO - 15 - Starting conversion: 20.0 GBP to JPY (mock=True)
2025-11-05 15:50:20,627 - logger_config - INFO - 18 - Converted 20.0 at rate 179.16050738489847 = 3583.21
2025-11-05 15:50:20,628 - logger_config - INFO - 20 - Conversion successful: 20.0 GBP = 3583.2100 JPY
